
START - automation started - Tue Feb 04 2020 23:15:21 GMT+0800 (+08)

LIVE MODE - type done to quit
 [RPA][STARTED]
[RPA][0] - listening for inputs
[RPA][1] - https://www.sec.gov/cgi-bin/browse-edgar?CIK=FIT&owner=exclude&action=getcompany
[RPA][1] - listening for inputs
[RPA][2] - exist_result = exist('//*[@name="type"]').toString()
[RPA][2] - listening for inputs
[RPA][3] - dump exist_result to rpa_python.txt
[RPA][3] - listening for inputs
[RPA][4] - type //*[@name="type"] as DEFM14A[enter]
[RPA][4] - listening for inputs
[RPA][5] - exist_result = exist('a#documentsbutton').toString()
[RPA][5] - listening for inputs
[RPA][6] - dump exist_result to rpa_python.txt
[RPA][6] - listening for inputs
[RPA][7] - click a#documentsbutton
[RPA][7] - listening for inputs
[RPA][8] - dump text() to rpa_python.txt
[RPA][8] - listening for inputs
